<?xml version="1.0" encoding="UTF-8"?>
<testng-results ignored="0" total="1" passed="1" failed="0" skipped="0">
  <reporter-output>
  </reporter-output>
  <suite started-at="2023-06-17T08:58:36 IST" name="Suite" finished-at="2023-06-17T08:59:45 IST" duration-ms="68759">
    <groups>
    </groups>
    <test started-at="2023-06-17T08:58:36 IST" name="Test" finished-at="2023-06-17T08:59:45 IST" duration-ms="68759">
      <class name="gesture.SwipeGesture">
        <test-method is-config="true" signature="setUp()[pri:0, instance:gesture.SwipeGesture@689604d9]" started-at="2023-06-17T08:58:36 IST" name="setUp" finished-at="2023-06-17T08:58:36 IST" duration-ms="486" status="PASS">
          <reporter-output>
          </reporter-output>
        </test-method> <!-- setUp -->
        <test-method is-config="true" signature="init()[pri:0, instance:gesture.SwipeGesture@689604d9]" started-at="2023-06-17T08:58:36 IST" name="init" finished-at="2023-06-17T08:59:38 IST" duration-ms="61174" status="PASS">
          <reporter-output>
          </reporter-output>
        </test-method> <!-- init -->
        <test-method signature="swipe()[pri:0, instance:gesture.SwipeGesture@689604d9]" started-at="2023-06-17T08:59:38 IST" name="swipe" finished-at="2023-06-17T08:59:45 IST" duration-ms="7371" status="PASS">
          <reporter-output>
          </reporter-output>
        </test-method> <!-- swipe -->
        <test-method is-config="true" signature="tearDown()[pri:0, instance:gesture.SwipeGesture@689604d9]" started-at="2023-06-17T08:59:45 IST" name="tearDown" finished-at="2023-06-17T08:59:48 IST" duration-ms="3065" status="PASS">
          <reporter-output>
          </reporter-output>
        </test-method> <!-- tearDown -->
      </class> <!-- gesture.SwipeGesture -->
    </test> <!-- Test -->
  </suite> <!-- Suite -->
</testng-results>
