<?xml version="1.0" encoding="UTF-8"?>
<testng-results ignored="0" total="1" passed="0" failed="0" skipped="1">
  <reporter-output>
  </reporter-output>
  <suite started-at="2023-06-17T15:19:11 IST" name="Suite" finished-at="2023-06-17T15:19:34 IST" duration-ms="23351">
    <groups>
    </groups>
    <test started-at="2023-06-17T15:19:11 IST" name="Test" finished-at="2023-06-17T15:19:34 IST" duration-ms="23351">
      <class name="gesture.SwipeGesture">
        <test-method is-config="true" signature="setUp()[pri:0, instance:gesture.SwipeGesture@689604d9]" started-at="2023-06-17T15:19:10 IST" name="setUp" finished-at="2023-06-17T15:19:11 IST" duration-ms="992" status="PASS">
          <reporter-output>
          </reporter-output>
        </test-method> <!-- setUp -->
        <test-method is-config="true" signature="init()[pri:0, instance:gesture.SwipeGesture@689604d9]" started-at="2023-06-17T15:19:11 IST" name="init" finished-at="2023-06-17T15:19:34 IST" duration-ms="23219" status="FAIL">
          <exception class="org.openqa.selenium.SessionNotCreatedException">
            <message>
              <![CDATA[Could not start a new session. Response code 500. Message: An unknown server-side error occurred while processing the command. Original error: Could not proxy command to the remote server. Original error: socket hang up 
Host info: host: 'RAJASEKAR', ip: '192.168.177.46'
Build info: version: '4.10.0', revision: 'c14d967899'
System info: os.name: 'Windows 10', os.arch: 'amd64', os.version: '10.0', java.version: '16'
Driver info: io.appium.java_client.AppiumDriver
Command: [null, newSession {capabilities=[{appium:noReset=true, appium:autoGrantPermissions=true, appium:newCommandTimeout=10, appium:avdLaunchTimeout=600000, appium:appActivity=io.appium.android.apis.ApiDemos, appium:allowTestPackages=true, appium:avd=Pixel_4_XL_API_30, platformName=ANDROID, appium:automationName=UIAutomator2, appium:app=C:\Users\PC 1\git\repository\latestappiumproj/ApiDemos.apk, appium:appPackage=io.appium.android.apis}], desiredCapabilities=Capabilities {appium:allowTestPackages: true, appium:app: C:\Users\PC 1\git\repositor..., appium:appActivity: io.appium.android.apis.ApiD..., appium:appPackage: io.appium.android.apis, appium:autoGrantPermissions: true, appium:automationName: UIAutomator2, appium:avd: Pixel_4_XL_API_30, appium:avdLaunchTimeout: 600000, appium:newCommandTimeout: 10, appium:noReset: true, platformName: ANDROID}}]
Capabilities {appium:allowTestPackages: true, appium:app: C:\Users\PC 1\git\repositor..., appium:appActivity: io.appium.android.apis.ApiD..., appium:appPackage: io.appium.android.apis, appium:autoGrantPermissions: true, appium:automationName: UIAutomator2, appium:avd: Pixel_4_XL_API_30, appium:avdLaunchTimeout: 600000, appium:newCommandTimeout: 10, appium:noReset: true, platformName: ANDROID}]]>
            </message>
            <full-stacktrace>
              <![CDATA[org.openqa.selenium.SessionNotCreatedException: Could not start a new session. Response code 500. Message: An unknown server-side error occurred while processing the command. Original error: Could not proxy command to the remote server. Original error: socket hang up 
Host info: host: 'RAJASEKAR', ip: '192.168.177.46'
Build info: version: '4.10.0', revision: 'c14d967899'
System info: os.name: 'Windows 10', os.arch: 'amd64', os.version: '10.0', java.version: '16'
Driver info: io.appium.java_client.AppiumDriver
Command: [null, newSession {capabilities=[{appium:noReset=true, appium:autoGrantPermissions=true, appium:newCommandTimeout=10, appium:avdLaunchTimeout=600000, appium:appActivity=io.appium.android.apis.ApiDemos, appium:allowTestPackages=true, appium:avd=Pixel_4_XL_API_30, platformName=ANDROID, appium:automationName=UIAutomator2, appium:app=C:\Users\PC 1\git\repository\latestappiumproj/ApiDemos.apk, appium:appPackage=io.appium.android.apis}], desiredCapabilities=Capabilities {appium:allowTestPackages: true, appium:app: C:\Users\PC 1\git\repositor..., appium:appActivity: io.appium.android.apis.ApiD..., appium:appPackage: io.appium.android.apis, appium:autoGrantPermissions: true, appium:automationName: UIAutomator2, appium:avd: Pixel_4_XL_API_30, appium:avdLaunchTimeout: 600000, appium:newCommandTimeout: 10, appium:noReset: true, platformName: ANDROID}}]
Capabilities {appium:allowTestPackages: true, appium:app: C:\Users\PC 1\git\repositor..., appium:appActivity: io.appium.android.apis.ApiD..., appium:appPackage: io.appium.android.apis, appium:autoGrantPermissions: true, appium:automationName: UIAutomator2, appium:avd: Pixel_4_XL_API_30, appium:avdLaunchTimeout: 600000, appium:newCommandTimeout: 10, appium:noReset: true, platformName: ANDROID}
at org.openqa.selenium.remote.ProtocolHandshake.createSession(ProtocolHandshake.java:140)
at java.base/jdk.internal.reflect.NativeMethodAccessorImpl.invoke0(Native Method)
at java.base/jdk.internal.reflect.NativeMethodAccessorImpl.invoke(NativeMethodAccessorImpl.java:78)
at java.base/jdk.internal.reflect.DelegatingMethodAccessorImpl.invoke(DelegatingMethodAccessorImpl.java:43)
at java.base/java.lang.reflect.Method.invoke(Method.java:567)
at io.appium.java_client.remote.AppiumProtocolHandshake.createSession(AppiumProtocolHandshake.java:133)
at io.appium.java_client.remote.AppiumProtocolHandshake.createSession(AppiumProtocolHandshake.java:102)
at io.appium.java_client.remote.AppiumCommandExecutor.createSession(AppiumCommandExecutor.java:182)
at io.appium.java_client.remote.AppiumCommandExecutor.execute(AppiumCommandExecutor.java:250)
at org.openqa.selenium.remote.RemoteWebDriver.execute(RemoteWebDriver.java:531)
at io.appium.java_client.AppiumDriver.startSession(AppiumDriver.java:274)
at org.openqa.selenium.remote.RemoteWebDriver.<init>(RemoteWebDriver.java:154)
at io.appium.java_client.AppiumDriver.<init>(AppiumDriver.java:89)
at io.appium.java_client.AppiumDriver.<init>(AppiumDriver.java:101)
at base.Base.getDriver(Base.java:67)
at gesture.SwipeGesture.init(SwipeGesture.java:19)
at java.base/jdk.internal.reflect.NativeMethodAccessorImpl.invoke0(Native Method)
at java.base/jdk.internal.reflect.NativeMethodAccessorImpl.invoke(NativeMethodAccessorImpl.java:78)
at java.base/jdk.internal.reflect.DelegatingMethodAccessorImpl.invoke(DelegatingMethodAccessorImpl.java:43)
at java.base/java.lang.reflect.Method.invoke(Method.java:567)
at org.testng.internal.invokers.MethodInvocationHelper.invokeMethod(MethodInvocationHelper.java:139)
at org.testng.internal.invokers.MethodInvocationHelper.invokeMethodConsideringTimeout(MethodInvocationHelper.java:69)
at org.testng.internal.invokers.ConfigInvoker.invokeConfigurationMethod(ConfigInvoker.java:361)
at org.testng.internal.invokers.ConfigInvoker.invokeConfigurations(ConfigInvoker.java:296)
at org.testng.internal.invokers.TestInvoker.runConfigMethods(TestInvoker.java:823)
at org.testng.internal.invokers.TestInvoker.invokeMethod(TestInvoker.java:590)
at org.testng.internal.invokers.TestInvoker.invokeTestMethod(TestInvoker.java:221)
at org.testng.internal.invokers.MethodRunner.runInSequence(MethodRunner.java:50)
at org.testng.internal.invokers.TestInvoker$MethodInvocationAgent.invoke(TestInvoker.java:969)
at org.testng.internal.invokers.TestInvoker.invokeTestMethods(TestInvoker.java:194)
at org.testng.internal.invokers.TestMethodWorker.invokeTestMethods(TestMethodWorker.java:148)
at org.testng.internal.invokers.TestMethodWorker.run(TestMethodWorker.java:128)
at java.base/java.util.ArrayList.forEach(ArrayList.java:1511)
at org.testng.TestRunner.privateRun(TestRunner.java:829)
at org.testng.TestRunner.run(TestRunner.java:602)
at org.testng.SuiteRunner.runTest(SuiteRunner.java:437)
at org.testng.SuiteRunner.runSequentially(SuiteRunner.java:431)
at org.testng.SuiteRunner.privateRun(SuiteRunner.java:391)
at org.testng.SuiteRunner.run(SuiteRunner.java:330)
at org.testng.SuiteRunnerWorker.runSuite(SuiteRunnerWorker.java:52)
at org.testng.SuiteRunnerWorker.run(SuiteRunnerWorker.java:95)
at org.testng.TestNG.runSuitesSequentially(TestNG.java:1256)
at org.testng.TestNG.runSuitesLocally(TestNG.java:1176)
at org.testng.TestNG.runSuites(TestNG.java:1099)
at org.testng.TestNG.run(TestNG.java:1067)
at org.testng.remote.AbstractRemoteTestNG.run(AbstractRemoteTestNG.java:115)
at org.testng.remote.RemoteTestNG.initAndRun(RemoteTestNG.java:251)
at org.testng.remote.RemoteTestNG.main(RemoteTestNG.java:77)
]]>
            </full-stacktrace>
          </exception> <!-- org.openqa.selenium.SessionNotCreatedException -->
          <reporter-output>
          </reporter-output>
        </test-method> <!-- init -->
        <test-method signature="swipe()[pri:0, instance:gesture.SwipeGesture@689604d9]" started-at="2023-06-17T15:19:34 IST" name="swipe" finished-at="2023-06-17T15:19:34 IST" duration-ms="0" status="SKIP">
          <exception class="org.openqa.selenium.SessionNotCreatedException">
            <message>
              <![CDATA[Could not start a new session. Response code 500. Message: An unknown server-side error occurred while processing the command. Original error: Could not proxy command to the remote server. Original error: socket hang up 
Host info: host: 'RAJASEKAR', ip: '192.168.177.46'
Build info: version: '4.10.0', revision: 'c14d967899'
System info: os.name: 'Windows 10', os.arch: 'amd64', os.version: '10.0', java.version: '16'
Driver info: io.appium.java_client.AppiumDriver
Command: [null, newSession {capabilities=[{appium:noReset=true, appium:autoGrantPermissions=true, appium:newCommandTimeout=10, appium:avdLaunchTimeout=600000, appium:appActivity=io.appium.android.apis.ApiDemos, appium:allowTestPackages=true, appium:avd=Pixel_4_XL_API_30, platformName=ANDROID, appium:automationName=UIAutomator2, appium:app=C:\Users\PC 1\git\repository\latestappiumproj/ApiDemos.apk, appium:appPackage=io.appium.android.apis}], desiredCapabilities=Capabilities {appium:allowTestPackages: true, appium:app: C:\Users\PC 1\git\repositor..., appium:appActivity: io.appium.android.apis.ApiD..., appium:appPackage: io.appium.android.apis, appium:autoGrantPermissions: true, appium:automationName: UIAutomator2, appium:avd: Pixel_4_XL_API_30, appium:avdLaunchTimeout: 600000, appium:newCommandTimeout: 10, appium:noReset: true, platformName: ANDROID}}]
Capabilities {appium:allowTestPackages: true, appium:app: C:\Users\PC 1\git\repositor..., appium:appActivity: io.appium.android.apis.ApiD..., appium:appPackage: io.appium.android.apis, appium:autoGrantPermissions: true, appium:automationName: UIAutomator2, appium:avd: Pixel_4_XL_API_30, appium:avdLaunchTimeout: 600000, appium:newCommandTimeout: 10, appium:noReset: true, platformName: ANDROID}]]>
            </message>
            <full-stacktrace>
              <![CDATA[org.openqa.selenium.SessionNotCreatedException: Could not start a new session. Response code 500. Message: An unknown server-side error occurred while processing the command. Original error: Could not proxy command to the remote server. Original error: socket hang up 
Host info: host: 'RAJASEKAR', ip: '192.168.177.46'
Build info: version: '4.10.0', revision: 'c14d967899'
System info: os.name: 'Windows 10', os.arch: 'amd64', os.version: '10.0', java.version: '16'
Driver info: io.appium.java_client.AppiumDriver
Command: [null, newSession {capabilities=[{appium:noReset=true, appium:autoGrantPermissions=true, appium:newCommandTimeout=10, appium:avdLaunchTimeout=600000, appium:appActivity=io.appium.android.apis.ApiDemos, appium:allowTestPackages=true, appium:avd=Pixel_4_XL_API_30, platformName=ANDROID, appium:automationName=UIAutomator2, appium:app=C:\Users\PC 1\git\repository\latestappiumproj/ApiDemos.apk, appium:appPackage=io.appium.android.apis}], desiredCapabilities=Capabilities {appium:allowTestPackages: true, appium:app: C:\Users\PC 1\git\repositor..., appium:appActivity: io.appium.android.apis.ApiD..., appium:appPackage: io.appium.android.apis, appium:autoGrantPermissions: true, appium:automationName: UIAutomator2, appium:avd: Pixel_4_XL_API_30, appium:avdLaunchTimeout: 600000, appium:newCommandTimeout: 10, appium:noReset: true, platformName: ANDROID}}]
Capabilities {appium:allowTestPackages: true, appium:app: C:\Users\PC 1\git\repositor..., appium:appActivity: io.appium.android.apis.ApiD..., appium:appPackage: io.appium.android.apis, appium:autoGrantPermissions: true, appium:automationName: UIAutomator2, appium:avd: Pixel_4_XL_API_30, appium:avdLaunchTimeout: 600000, appium:newCommandTimeout: 10, appium:noReset: true, platformName: ANDROID}
at org.openqa.selenium.remote.ProtocolHandshake.createSession(ProtocolHandshake.java:140)
at java.base/jdk.internal.reflect.NativeMethodAccessorImpl.invoke0(Native Method)
at java.base/jdk.internal.reflect.NativeMethodAccessorImpl.invoke(NativeMethodAccessorImpl.java:78)
at java.base/jdk.internal.reflect.DelegatingMethodAccessorImpl.invoke(DelegatingMethodAccessorImpl.java:43)
at java.base/java.lang.reflect.Method.invoke(Method.java:567)
at io.appium.java_client.remote.AppiumProtocolHandshake.createSession(AppiumProtocolHandshake.java:133)
at io.appium.java_client.remote.AppiumProtocolHandshake.createSession(AppiumProtocolHandshake.java:102)
at io.appium.java_client.remote.AppiumCommandExecutor.createSession(AppiumCommandExecutor.java:182)
at io.appium.java_client.remote.AppiumCommandExecutor.execute(AppiumCommandExecutor.java:250)
at org.openqa.selenium.remote.RemoteWebDriver.execute(RemoteWebDriver.java:531)
at io.appium.java_client.AppiumDriver.startSession(AppiumDriver.java:274)
at org.openqa.selenium.remote.RemoteWebDriver.<init>(RemoteWebDriver.java:154)
at io.appium.java_client.AppiumDriver.<init>(AppiumDriver.java:89)
at io.appium.java_client.AppiumDriver.<init>(AppiumDriver.java:101)
at base.Base.getDriver(Base.java:67)
at gesture.SwipeGesture.init(SwipeGesture.java:19)
at java.base/jdk.internal.reflect.NativeMethodAccessorImpl.invoke0(Native Method)
at java.base/jdk.internal.reflect.NativeMethodAccessorImpl.invoke(NativeMethodAccessorImpl.java:78)
at java.base/jdk.internal.reflect.DelegatingMethodAccessorImpl.invoke(DelegatingMethodAccessorImpl.java:43)
at java.base/java.lang.reflect.Method.invoke(Method.java:567)
at org.testng.internal.invokers.MethodInvocationHelper.invokeMethod(MethodInvocationHelper.java:139)
at org.testng.internal.invokers.MethodInvocationHelper.invokeMethodConsideringTimeout(MethodInvocationHelper.java:69)
at org.testng.internal.invokers.ConfigInvoker.invokeConfigurationMethod(ConfigInvoker.java:361)
at org.testng.internal.invokers.ConfigInvoker.invokeConfigurations(ConfigInvoker.java:296)
at org.testng.internal.invokers.TestInvoker.runConfigMethods(TestInvoker.java:823)
at org.testng.internal.invokers.TestInvoker.invokeMethod(TestInvoker.java:590)
at org.testng.internal.invokers.TestInvoker.invokeTestMethod(TestInvoker.java:221)
at org.testng.internal.invokers.MethodRunner.runInSequence(MethodRunner.java:50)
at org.testng.internal.invokers.TestInvoker$MethodInvocationAgent.invoke(TestInvoker.java:969)
at org.testng.internal.invokers.TestInvoker.invokeTestMethods(TestInvoker.java:194)
at org.testng.internal.invokers.TestMethodWorker.invokeTestMethods(TestMethodWorker.java:148)
at org.testng.internal.invokers.TestMethodWorker.run(TestMethodWorker.java:128)
at java.base/java.util.ArrayList.forEach(ArrayList.java:1511)
at org.testng.TestRunner.privateRun(TestRunner.java:829)
at org.testng.TestRunner.run(TestRunner.java:602)
at org.testng.SuiteRunner.runTest(SuiteRunner.java:437)
at org.testng.SuiteRunner.runSequentially(SuiteRunner.java:431)
at org.testng.SuiteRunner.privateRun(SuiteRunner.java:391)
at org.testng.SuiteRunner.run(SuiteRunner.java:330)
at org.testng.SuiteRunnerWorker.runSuite(SuiteRunnerWorker.java:52)
at org.testng.SuiteRunnerWorker.run(SuiteRunnerWorker.java:95)
at org.testng.TestNG.runSuitesSequentially(TestNG.java:1256)
at org.testng.TestNG.runSuitesLocally(TestNG.java:1176)
at org.testng.TestNG.runSuites(TestNG.java:1099)
at org.testng.TestNG.run(TestNG.java:1067)
at org.testng.remote.AbstractRemoteTestNG.run(AbstractRemoteTestNG.java:115)
at org.testng.remote.RemoteTestNG.initAndRun(RemoteTestNG.java:251)
at org.testng.remote.RemoteTestNG.main(RemoteTestNG.java:77)
]]>
            </full-stacktrace>
          </exception> <!-- org.openqa.selenium.SessionNotCreatedException -->
          <reporter-output>
          </reporter-output>
        </test-method> <!-- swipe -->
        <test-method is-config="true" signature="tearDown()[pri:0, instance:gesture.SwipeGesture@689604d9]" started-at="2023-06-17T15:19:34 IST" name="tearDown" finished-at="2023-06-17T15:19:34 IST" duration-ms="0" status="SKIP">
          <reporter-output>
          </reporter-output>
        </test-method> <!-- tearDown -->
      </class> <!-- gesture.SwipeGesture -->
    </test> <!-- Test -->
  </suite> <!-- Suite -->
</testng-results>
