<?xml version="1.0" encoding="UTF-8"?>
<!-- Generated by org.testng.reporters.JUnitXMLReporter -->
<testsuite ignored="0" hostname="rajasekar" failures="0" tests="1" name="Test" time="23.351" errors="0" timestamp="2023-06-17T15:19:34 IST">
  <testcase classname="gesture.SwipeGesture" name="@BeforeMethod init" time="23.219">
    <failure type="org.openqa.selenium.SessionNotCreatedException" message="Could not start a new session. Response code 500. Message: An unknown server-side error occurred while processing the command. Original error: Could not proxy command to the remote server. Original error: socket hang up 
Host info: host: &amp;apos;RAJASEKAR&amp;apos;, ip: &amp;apos;192.168.177.46&amp;apos;
Build info: version: &amp;apos;4.10.0&amp;apos;, revision: &amp;apos;c14d967899&amp;apos;
System info: os.name: &amp;apos;Windows 10&amp;apos;, os.arch: &amp;apos;amd64&amp;apos;, os.version: &amp;apos;10.0&amp;apos;, java.version: &amp;apos;16&amp;apos;
Driver info: io.appium.java_client.AppiumDriver
Command: [null, newSession {capabilities=[{appium:noReset=true, appium:autoGrantPermissions=true, appium:newCommandTimeout=10, appium:avdLaunchTimeout=600000, appium:appActivity=io.appium.android.apis.ApiDemos, appium:allowTestPackages=true, appium:avd=Pixel_4_XL_API_30, platformName=ANDROID, appium:automationName=UIAutomator2, appium:app=C:\Users\PC 1\git\repository\latestappiumproj/ApiDemos.apk, appium:appPackage=io.appium.android.apis}], desiredCapabilities=Capabilities {appium:allowTestPackages: true, appium:app: C:\Users\PC 1\git\repositor..., appium:appActivity: io.appium.android.apis.ApiD..., appium:appPackage: io.appium.android.apis, appium:autoGrantPermissions: true, appium:automationName: UIAutomator2, appium:avd: Pixel_4_XL_API_30, appium:avdLaunchTimeout: 600000, appium:newCommandTimeout: 10, appium:noReset: true, platformName: ANDROID}}]
Capabilities {appium:allowTestPackages: true, appium:app: C:\Users\PC 1\git\repositor..., appium:appActivity: io.appium.android.apis.ApiD..., appium:appPackage: io.appium.android.apis, appium:autoGrantPermissions: true, appium:automationName: UIAutomator2, appium:avd: Pixel_4_XL_API_30, appium:avdLaunchTimeout: 600000, appium:newCommandTimeout: 10, appium:noReset: true, platformName: ANDROID}">
      <![CDATA[org.openqa.selenium.SessionNotCreatedException: Could not start a new session. Response code 500. Message: An unknown server-side error occurred while processing the command. Original error: Could not proxy command to the remote server. Original error: socket hang up 
Host info: host: 'RAJASEKAR', ip: '192.168.177.46'
Build info: version: '4.10.0', revision: 'c14d967899'
System info: os.name: 'Windows 10', os.arch: 'amd64', os.version: '10.0', java.version: '16'
Driver info: io.appium.java_client.AppiumDriver
Command: [null, newSession {capabilities=[{appium:noReset=true, appium:autoGrantPermissions=true, appium:newCommandTimeout=10, appium:avdLaunchTimeout=600000, appium:appActivity=io.appium.android.apis.ApiDemos, appium:allowTestPackages=true, appium:avd=Pixel_4_XL_API_30, platformName=ANDROID, appium:automationName=UIAutomator2, appium:app=C:\Users\PC 1\git\repository\latestappiumproj/ApiDemos.apk, appium:appPackage=io.appium.android.apis}], desiredCapabilities=Capabilities {appium:allowTestPackages: true, appium:app: C:\Users\PC 1\git\repositor..., appium:appActivity: io.appium.android.apis.ApiD..., appium:appPackage: io.appium.android.apis, appium:autoGrantPermissions: true, appium:automationName: UIAutomator2, appium:avd: Pixel_4_XL_API_30, appium:avdLaunchTimeout: 600000, appium:newCommandTimeout: 10, appium:noReset: true, platformName: ANDROID}}]
Capabilities {appium:allowTestPackages: true, appium:app: C:\Users\PC 1\git\repositor..., appium:appActivity: io.appium.android.apis.ApiD..., appium:appPackage: io.appium.android.apis, appium:autoGrantPermissions: true, appium:automationName: UIAutomator2, appium:avd: Pixel_4_XL_API_30, appium:avdLaunchTimeout: 600000, appium:newCommandTimeout: 10, appium:noReset: true, platformName: ANDROID}
at org.openqa.selenium.remote.ProtocolHandshake.createSession(ProtocolHandshake.java:140)
at io.appium.java_client.remote.AppiumProtocolHandshake.createSession(AppiumProtocolHandshake.java:133)
at io.appium.java_client.remote.AppiumProtocolHandshake.createSession(AppiumProtocolHandshake.java:102)
at io.appium.java_client.remote.AppiumCommandExecutor.createSession(AppiumCommandExecutor.java:182)
at io.appium.java_client.remote.AppiumCommandExecutor.execute(AppiumCommandExecutor.java:250)
at org.openqa.selenium.remote.RemoteWebDriver.execute(RemoteWebDriver.java:531)
at io.appium.java_client.AppiumDriver.startSession(AppiumDriver.java:274)
at org.openqa.selenium.remote.RemoteWebDriver.<init>(RemoteWebDriver.java:154)
at io.appium.java_client.AppiumDriver.<init>(AppiumDriver.java:89)
at io.appium.java_client.AppiumDriver.<init>(AppiumDriver.java:101)
at base.Base.getDriver(Base.java:67)
at gesture.SwipeGesture.init(SwipeGesture.java:19)
at java.base/java.util.ArrayList.forEach(ArrayList.java:1511)
... Removed 35 stack frames]]>
    </failure>
  </testcase> <!-- @BeforeMethod init -->
  <testcase classname="gesture.SwipeGesture" name="swipe" time="0.0">
    <skipped/>
  </testcase> <!-- swipe -->
</testsuite> <!-- Test -->
